{"/home/csantos/projetos/pessoal/enermatchDesafio/src/app.controller.ts": {"path":"/home/csantos/projetos/pessoal/enermatchDesafio/src/app.controller.ts","statementMap":{"0":{"start":{"line":1,"column":0},"end":{"line":1,"column":49}},"1":{"start":{"line":2,"column":0},"end":{"line":2,"column":43}},"2":{"start":{"line":5,"column":7},"end":{"line":12,"column":null}},"3":{"start":{"line":6,"column":31},"end":{"line":6,"column":43}},"4":{"start":{"line":10,"column":4},"end":{"line":10,"column":38}},"5":{"start":{"line":5,"column":13},"end":{"line":5,"column":26}},"6":{"start":{"line":9,"column":2},"end":{"line":11,"column":null}},"7":{"start":{"line":5,"column":13},"end":{"line":12,"column":null}}},"fnMap":{"0":{"name":"(anonymous_2)","decl":{"start":{"line":6,"column":2},"end":{"line":6,"column":31}},"loc":{"start":{"line":6,"column":53},"end":{"line":6,"column":57}}},"1":{"name":"(anonymous_3)","decl":{"start":{"line":9,"column":2},"end":{"line":9,"column":10}},"loc":{"start":{"line":9,"column":10},"end":{"line":11,"column":3}}}},"branchMap":{},"s":{"0":1,"1":1,"2":1,"3":1,"4":1,"5":1,"6":1,"7":1},"f":{"0":1,"1":1},"b":{}}
,"/home/csantos/projetos/pessoal/enermatchDesafio/src/app.module.ts": {"path":"/home/csantos/projetos/pessoal/enermatchDesafio/src/app.module.ts","statementMap":{"0":{"start":{"line":1,"column":0},"end":{"line":1,"column":40}},"1":{"start":{"line":2,"column":0},"end":{"line":2,"column":43}},"2":{"start":{"line":3,"column":0},"end":{"line":3,"column":68}},"3":{"start":{"line":4,"column":0},"end":{"line":4,"column":41}},"4":{"start":{"line":5,"column":0},"end":{"line":5,"column":47}},"5":{"start":{"line":6,"column":0},"end":{"line":6,"column":49}},"6":{"start":{"line":7,"column":0},"end":{"line":7,"column":43}},"7":{"start":{"line":8,"column":0},"end":{"line":8,"column":57}},"8":{"start":{"line":9,"column":0},"end":{"line":9,"column":60}},"9":{"start":{"line":11,"column":0},"end":{"line":11,"column":55}},"10":{"start":{"line":12,"column":0},"end":{"line":12,"column":57}},"11":{"start":{"line":49,"column":7},"end":{"line":49,"column":null}},"12":{"start":{"line":49,"column":13},"end":{"line":49,"column":22}},"13":{"start":{"line":49,"column":13},"end":{"line":49,"column":null}},"14":{"start":{"line":30,"column":58},"end":{"line":37,"column":8}}},"fnMap":{"0":{"name":"(anonymous_1)","decl":{"start":{"line":30,"column":18},"end":{"line":30,"column":19}},"loc":{"start":{"line":30,"column":58},"end":{"line":37,"column":8}}}},"branchMap":{"0":{"loc":{"start":{"line":23,"column":10},"end":{"line":25,"column":23}},"type":"cond-expr","locations":[{"start":{"line":24,"column":14},"end":{"line":24,"column":39}},{"start":{"line":25,"column":14},"end":{"line":25,"column":23}}]},"1":{"loc":{"start":{"line":33,"column":17},"end":{"line":33,"column":64}},"type":"binary-expr","locations":[{"start":{"line":33,"column":17},"end":{"line":33,"column":58}},{"start":{"line":33,"column":62},"end":{"line":33,"column":64}}]},"2":{"loc":{"start":{"line":34,"column":19},"end":{"line":34,"column":68}},"type":"binary-expr","locations":[{"start":{"line":34,"column":19},"end":{"line":34,"column":62}},{"start":{"line":34,"column":66},"end":{"line":34,"column":68}}]}},"s":{"0":0,"1":0,"2":0,"3":0,"4":0,"5":0,"6":0,"7":0,"8":0,"9":0,"10":0,"11":0,"12":0,"13":0,"14":0},"f":{"0":0},"b":{"0":[0,0],"1":[0,0],"2":[0,0]}}
,"/home/csantos/projetos/pessoal/enermatchDesafio/src/app.service.ts": {"path":"/home/csantos/projetos/pessoal/enermatchDesafio/src/app.service.ts","statementMap":{"0":{"start":{"line":1,"column":0},"end":{"line":1,"column":44}},"1":{"start":{"line":4,"column":7},"end":{"line":8,"column":null}},"2":{"start":{"line":6,"column":4},"end":{"line":6,"column":26}},"3":{"start":{"line":4,"column":13},"end":{"line":4,"column":23}},"4":{"start":{"line":4,"column":13},"end":{"line":8,"column":null}}},"fnMap":{"0":{"name":"(anonymous_1)","decl":{"start":{"line":5,"column":2},"end":{"line":5,"column":10}},"loc":{"start":{"line":5,"column":10},"end":{"line":7,"column":3}}}},"branchMap":{},"s":{"0":1,"1":1,"2":1,"3":1,"4":1},"f":{"0":1},"b":{}}
,"/home/csantos/projetos/pessoal/enermatchDesafio/src/main.ts": {"path":"/home/csantos/projetos/pessoal/enermatchDesafio/src/main.ts","statementMap":{"0":{"start":{"line":1,"column":0},"end":{"line":1,"column":43}},"1":{"start":{"line":2,"column":0},"end":{"line":2,"column":48}},"2":{"start":{"line":3,"column":0},"end":{"line":3,"column":65}},"3":{"start":{"line":4,"column":0},"end":{"line":4,"column":37}},"4":{"start":{"line":5,"column":0},"end":{"line":5,"column":41}},"5":{"start":{"line":6,"column":0},"end":{"line":6,"column":80}},"6":{"start":{"line":9,"column":14},"end":{"line":9,"column":71}},"7":{"start":{"line":10,"column":2},"end":{"line":10,"column":33}},"8":{"start":{"line":11,"column":2},"end":{"line":11,"column":50}},"9":{"start":{"line":12,"column":2},"end":{"line":18,"column":4}},"10":{"start":{"line":20,"column":17},"end":{"line":27,"column":12}},"11":{"start":{"line":28,"column":19},"end":{"line":28,"column":60}},"12":{"start":{"line":29,"column":2},"end":{"line":29,"column":44}},"13":{"start":{"line":31,"column":2},"end":{"line":31,"column":45}},"14":{"start":{"line":33,"column":0},"end":{"line":33,"column":12}}},"fnMap":{"0":{"name":"bootstrap","decl":{"start":{"line":8,"column":15},"end":{"line":8,"column":24}},"loc":{"start":{"line":8,"column":24},"end":{"line":32,"column":1}}}},"branchMap":{"0":{"loc":{"start":{"line":31,"column":19},"end":{"line":31,"column":43}},"type":"binary-expr","locations":[{"start":{"line":31,"column":19},"end":{"line":31,"column":35}},{"start":{"line":31,"column":39},"end":{"line":31,"column":43}}]}},"s":{"0":0,"1":0,"2":0,"3":0,"4":0,"5":0,"6":0,"7":0,"8":0,"9":0,"10":0,"11":0,"12":0,"13":0,"14":0},"f":{"0":0},"b":{"0":[0,0]}}
,"/home/csantos/projetos/pessoal/enermatchDesafio/src/common/exceptions/app.exception.ts": {"path":"/home/csantos/projetos/pessoal/enermatchDesafio/src/common/exceptions/app.exception.ts","statementMap":{"0":{"start":{"line":1,"column":0},"end":{"line":1,"column":59}},"1":{"start":{"line":9,"column":4},"end":{"line":16,"column":6}},"2":{"start":{"line":7,"column":20},"end":{"line":7,"column":33}},"3":{"start":{"line":3,"column":0},"end":{"line":3,"column":13}},"4":{"start":{"line":22,"column":4},"end":{"line":22,"column":68}},"5":{"start":{"line":20,"column":0},"end":{"line":20,"column":13}},"6":{"start":{"line":28,"column":4},"end":{"line":28,"column":66}},"7":{"start":{"line":26,"column":0},"end":{"line":26,"column":13}},"8":{"start":{"line":34,"column":4},"end":{"line":34,"column":75}},"9":{"start":{"line":32,"column":0},"end":{"line":32,"column":13}}},"fnMap":{"0":{"name":"(anonymous_0)","decl":{"start":{"line":4,"column":2},"end":{"line":4,"column":null}},"loc":{"start":{"line":7,"column":33},"end":{"line":17,"column":3}}},"1":{"name":"(anonymous_1)","decl":{"start":{"line":21,"column":2},"end":{"line":21,"column":14}},"loc":{"start":{"line":21,"column":29},"end":{"line":23,"column":3}}},"2":{"name":"(anonymous_2)","decl":{"start":{"line":27,"column":2},"end":{"line":27,"column":14}},"loc":{"start":{"line":27,"column":29},"end":{"line":29,"column":3}}},"3":{"name":"(anonymous_3)","decl":{"start":{"line":33,"column":2},"end":{"line":33,"column":14}},"loc":{"start":{"line":33,"column":30},"end":{"line":35,"column":3}}}},"branchMap":{"0":{"loc":{"start":{"line":6,"column":4},"end":{"line":6,"column":57}},"type":"default-arg","locations":[{"start":{"line":6,"column":25},"end":{"line":6,"column":57}}]},"1":{"loc":{"start":{"line":12,"column":14},"end":{"line":12,"column":38}},"type":"binary-expr","locations":[{"start":{"line":12,"column":14},"end":{"line":12,"column":18}},{"start":{"line":12,"column":22},"end":{"line":12,"column":38}}]}},"s":{"0":3,"1":8,"2":8,"3":3,"4":3,"5":3,"6":5,"7":3,"8":0,"9":3},"f":{"0":8,"1":3,"2":5,"3":0},"b":{"0":[0],"1":[8,0]}}
,"/home/csantos/projetos/pessoal/enermatchDesafio/src/common/exceptions/http-exception.filter.ts": {"path":"/home/csantos/projetos/pessoal/enermatchDesafio/src/common/exceptions/http-exception.filter.ts","statementMap":{"0":{"start":{"line":1,"column":0},"end":{"line":1,"column":null}},"1":{"start":{"line":10,"column":0},"end":{"line":10,"column":47}},"2":{"start":{"line":13,"column":32},"end":{"line":50,"column":null}},"3":{"start":{"line":14,"column":28},"end":{"line":14,"column":64}},"4":{"start":{"line":17,"column":16},"end":{"line":17,"column":35}},"5":{"start":{"line":18,"column":21},"end":{"line":18,"column":48}},"6":{"start":{"line":19,"column":20},"end":{"line":19,"column":45}},"7":{"start":{"line":21,"column":17},"end":{"line":21,"column":49}},"8":{"start":{"line":22,"column":37},"end":{"line":22,"column":63}},"9":{"start":{"line":23,"column":15},"end":{"line":23,"column":31}},"10":{"start":{"line":25,"column":4},"end":{"line":40,"column":5}},"11":{"start":{"line":26,"column":6},"end":{"line":26,"column":37}},"12":{"start":{"line":27,"column":18},"end":{"line":27,"column":78}},"13":{"start":{"line":28,"column":6},"end":{"line":28,"column":28}},"14":{"start":{"line":29,"column":6},"end":{"line":29,"column":22}},"15":{"start":{"line":30,"column":11},"end":{"line":40,"column":5}},"16":{"start":{"line":31,"column":6},"end":{"line":31,"column":37}},"17":{"start":{"line":32,"column":18},"end":{"line":32,"column":75}},"18":{"start":{"line":33,"column":6},"end":{"line":33,"column":49}},"19":{"start":{"line":34,"column":6},"end":{"line":34,"column":26}},"20":{"start":{"line":35,"column":11},"end":{"line":40,"column":5}},"21":{"start":{"line":36,"column":6},"end":{"line":39,"column":8}},"22":{"start":{"line":42,"column":4},"end":{"line":48,"column":7}},"23":{"start":{"line":13,"column":13},"end":{"line":13,"column":32}},"24":{"start":{"line":13,"column":13},"end":{"line":50,"column":null}}},"fnMap":{"0":{"name":"(anonymous_1)","decl":{"start":{"line":16,"column":2},"end":{"line":16,"column":7}},"loc":{"start":{"line":16,"column":47},"end":{"line":49,"column":3}}}},"branchMap":{"0":{"loc":{"start":{"line":25,"column":4},"end":{"line":40,"column":5}},"type":"if","locations":[{"start":{"line":25,"column":4},"end":{"line":40,"column":5}},{"start":{"line":30,"column":11},"end":{"line":40,"column":5}}]},"1":{"loc":{"start":{"line":30,"column":11},"end":{"line":40,"column":5}},"type":"if","locations":[{"start":{"line":30,"column":11},"end":{"line":40,"column":5}},{"start":{"line":35,"column":11},"end":{"line":40,"column":5}}]},"2":{"loc":{"start":{"line":33,"column":16},"end":{"line":33,"column":48}},"type":"binary-expr","locations":[{"start":{"line":33,"column":16},"end":{"line":33,"column":27}},{"start":{"line":33,"column":31},"end":{"line":33,"column":48}}]},"3":{"loc":{"start":{"line":35,"column":11},"end":{"line":40,"column":5}},"type":"if","locations":[{"start":{"line":35,"column":11},"end":{"line":40,"column":5}}]}},"s":{"0":0,"1":0,"2":0,"3":0,"4":0,"5":0,"6":0,"7":0,"8":0,"9":0,"10":0,"11":0,"12":0,"13":0,"14":0,"15":0,"16":0,"17":0,"18":0,"19":0,"20":0,"21":0,"22":0,"23":0,"24":0},"f":{"0":0},"b":{"0":[0,0],"1":[0,0],"2":[0,0],"3":[0]}}
,"/home/csantos/projetos/pessoal/enermatchDesafio/src/common/guards/static-jwt.guard.ts": {"path":"/home/csantos/projetos/pessoal/enermatchDesafio/src/common/guards/static-jwt.guard.ts","statementMap":{"0":{"start":{"line":1,"column":0},"end":{"line":1,"column":null}},"1":{"start":{"line":7,"column":0},"end":{"line":7,"column":47}},"2":{"start":{"line":12,"column":7},"end":{"line":37,"column":null}},"3":{"start":{"line":13,"column":22},"end":{"line":13,"column":37}},"4":{"start":{"line":16,"column":20},"end":{"line":16,"column":64}},"5":{"start":{"line":17,"column":23},"end":{"line":17,"column":52}},"6":{"start":{"line":19,"column":4},"end":{"line":21,"column":5}},"7":{"start":{"line":20,"column":6},"end":{"line":20,"column":61}},"8":{"start":{"line":23,"column":26},"end":{"line":23,"column":47}},"9":{"start":{"line":25,"column":4},"end":{"line":27,"column":5}},"10":{"start":{"line":26,"column":6},"end":{"line":26,"column":71}},"11":{"start":{"line":29,"column":24},"end":{"line":29,"column":75}},"12":{"start":{"line":31,"column":4},"end":{"line":33,"column":5}},"13":{"start":{"line":32,"column":6},"end":{"line":32,"column":56}},"14":{"start":{"line":35,"column":4},"end":{"line":35,"column":16}},"15":{"start":{"line":12,"column":13},"end":{"line":12,"column":27}},"16":{"start":{"line":12,"column":13},"end":{"line":37,"column":null}}},"fnMap":{"0":{"name":"(anonymous_2)","decl":{"start":{"line":13,"column":2},"end":{"line":13,"column":22}},"loc":{"start":{"line":13,"column":55},"end":{"line":13,"column":59}}},"1":{"name":"(anonymous_3)","decl":{"start":{"line":15,"column":2},"end":{"line":15,"column":13}},"loc":{"start":{"line":15,"column":39},"end":{"line":36,"column":3}}}},"branchMap":{"0":{"loc":{"start":{"line":19,"column":4},"end":{"line":21,"column":5}},"type":"if","locations":[{"start":{"line":19,"column":4},"end":{"line":21,"column":5}}]},"1":{"loc":{"start":{"line":25,"column":4},"end":{"line":27,"column":5}},"type":"if","locations":[{"start":{"line":25,"column":4},"end":{"line":27,"column":5}}]},"2":{"loc":{"start":{"line":31,"column":4},"end":{"line":33,"column":5}},"type":"if","locations":[{"start":{"line":31,"column":4},"end":{"line":33,"column":5}}]}},"s":{"0":2,"1":2,"2":2,"3":12,"4":0,"5":0,"6":0,"7":0,"8":0,"9":0,"10":0,"11":0,"12":0,"13":0,"14":0,"15":2,"16":2},"f":{"0":12,"1":0},"b":{"0":[0],"1":[0],"2":[0]}}
,"/home/csantos/projetos/pessoal/enermatchDesafio/src/config/config.module.ts": {"path":"/home/csantos/projetos/pessoal/enermatchDesafio/src/config/config.module.ts","statementMap":{"0":{"start":{"line":1,"column":0},"end":{"line":1,"column":40}},"1":{"start":{"line":2,"column":0},"end":{"line":2,"column":46}},"2":{"start":{"line":3,"column":0},"end":{"line":3,"column":41}},"3":{"start":{"line":23,"column":7},"end":{"line":23,"column":null}},"4":{"start":{"line":23,"column":13},"end":{"line":23,"column":28}},"5":{"start":{"line":23,"column":13},"end":{"line":23,"column":null}},"6":{"start":{"line":10,"column":23},"end":{"line":10,"column":50}},"7":{"start":{"line":11,"column":8},"end":{"line":17,"column":9}},"8":{"start":{"line":12,"column":10},"end":{"line":15,"column":12}},"9":{"start":{"line":16,"column":10},"end":{"line":16,"column":59}},"10":{"start":{"line":18,"column":8},"end":{"line":18,"column":27}}},"fnMap":{"0":{"name":"(anonymous_1)","decl":{"start":{"line":9,"column":16},"end":{"line":9,"column":17}},"loc":{"start":{"line":9,"column":27},"end":{"line":19,"column":7}}}},"branchMap":{"0":{"loc":{"start":{"line":11,"column":8},"end":{"line":17,"column":9}},"type":"if","locations":[{"start":{"line":11,"column":8},"end":{"line":17,"column":9}}]}},"s":{"0":0,"1":0,"2":0,"3":0,"4":0,"5":0,"6":0,"7":0,"8":0,"9":0,"10":0},"f":{"0":0},"b":{"0":[0]}}
,"/home/csantos/projetos/pessoal/enermatchDesafio/src/config/env.schema.ts": {"path":"/home/csantos/projetos/pessoal/enermatchDesafio/src/config/env.schema.ts","statementMap":{"0":{"start":{"line":1,"column":0},"end":{"line":1,"column":24}},"1":{"start":{"line":3,"column":13},"end":{"line":30,"column":3}}},"fnMap":{},"branchMap":{},"s":{"0":0,"1":0},"f":{},"b":{}}
,"/home/csantos/projetos/pessoal/enermatchDesafio/src/database/database.module.ts": {"path":"/home/csantos/projetos/pessoal/enermatchDesafio/src/database/database.module.ts","statementMap":{"0":{"start":{"line":1,"column":0},"end":{"line":1,"column":40}},"1":{"start":{"line":2,"column":0},"end":{"line":2,"column":48}},"2":{"start":{"line":3,"column":0},"end":{"line":3,"column":47}},"3":{"start":{"line":24,"column":7},"end":{"line":24,"column":null}},"4":{"start":{"line":24,"column":13},"end":{"line":24,"column":27}},"5":{"start":{"line":24,"column":13},"end":{"line":24,"column":null}},"6":{"start":{"line":10,"column":58},"end":{"line":20,"column":8}}},"fnMap":{"0":{"name":"(anonymous_1)","decl":{"start":{"line":10,"column":18},"end":{"line":10,"column":19}},"loc":{"start":{"line":10,"column":58},"end":{"line":20,"column":8}}}},"branchMap":{},"s":{"0":0,"1":0,"2":0,"3":0,"4":0,"5":0,"6":0},"f":{"0":0},"b":{}}
,"/home/csantos/projetos/pessoal/enermatchDesafio/src/database/migrations/1743471000000-CreateEnergyRecordsTable.ts": {"path":"/home/csantos/projetos/pessoal/enermatchDesafio/src/database/migrations/1743471000000-CreateEnergyRecordsTable.ts","statementMap":{"0":{"start":{"line":1,"column":0},"end":{"line":1,"column":null}},"1":{"start":{"line":10,"column":9},"end":{"line":10,"column":48}},"2":{"start":{"line":13,"column":4},"end":{"line":73,"column":6}},"3":{"start":{"line":76,"column":4},"end":{"line":82,"column":6}},"4":{"start":{"line":85,"column":4},"end":{"line":91,"column":6}},"5":{"start":{"line":94,"column":4},"end":{"line":100,"column":6}},"6":{"start":{"line":103,"column":4},"end":{"line":109,"column":6}},"7":{"start":{"line":113,"column":4},"end":{"line":113,"column":50}},"8":{"start":{"line":9,"column":0},"end":{"line":9,"column":13}}},"fnMap":{"0":{"name":"(anonymous_0)","decl":{"start":{"line":12,"column":9},"end":{"line":12,"column":14}},"loc":{"start":{"line":12,"column":42},"end":{"line":110,"column":3}}},"1":{"name":"(anonymous_1)","decl":{"start":{"line":112,"column":9},"end":{"line":112,"column":14}},"loc":{"start":{"line":112,"column":44},"end":{"line":114,"column":3}}}},"branchMap":{},"s":{"0":0,"1":0,"2":0,"3":0,"4":0,"5":0,"6":0,"7":0,"8":0},"f":{"0":0,"1":0},"b":{}}
,"/home/csantos/projetos/pessoal/enermatchDesafio/src/eia/eia-http.client.ts": {"path":"/home/csantos/projetos/pessoal/enermatchDesafio/src/eia/eia-http.client.ts","statementMap":{"0":{"start":{"line":1,"column":0},"end":{"line":1,"column":52}},"1":{"start":{"line":2,"column":0},"end":{"line":2,"column":44}},"2":{"start":{"line":3,"column":0},"end":{"line":3,"column":47}},"3":{"start":{"line":4,"column":0},"end":{"line":4,"column":38}},"4":{"start":{"line":5,"column":0},"end":{"line":5,"column":35}},"5":{"start":{"line":7,"column":0},"end":{"line":7,"column":77}},"6":{"start":{"line":27,"column":26},"end":{"line":83,"column":null}},"7":{"start":{"line":28,"column":28},"end":{"line":28,"column":58}},"8":{"start":{"line":33,"column":21},"end":{"line":33,"column":34}},"9":{"start":{"line":34,"column":21},"end":{"line":34,"column":36}},"10":{"start":{"line":36,"column":4},"end":{"line":36,"column":65}},"11":{"start":{"line":37,"column":4},"end":{"line":37,"column":67}},"12":{"start":{"line":46,"column":4},"end":{"line":81,"column":5}},"13":{"start":{"line":47,"column":18},"end":{"line":47,"column":68}},"14":{"start":{"line":48,"column":23},"end":{"line":62,"column":null}},"15":{"start":{"line":65,"column":6},"end":{"line":65,"column":27}},"16":{"start":{"line":68,"column":8},"end":{"line":68,"column":68}},"17":{"start":{"line":69,"column":20},"end":{"line":69,"column":68}},"18":{"start":{"line":71,"column":6},"end":{"line":75,"column":7}},"19":{"start":{"line":72,"column":8},"end":{"line":74,"column":10}},"20":{"start":{"line":77,"column":6},"end":{"line":77,"column":71}},"21":{"start":{"line":78,"column":6},"end":{"line":80,"column":8}},"22":{"start":{"line":27,"column":13},"end":{"line":27,"column":26}},"23":{"start":{"line":27,"column":13},"end":{"line":83,"column":null}}},"fnMap":{"0":{"name":"(anonymous_2)","decl":{"start":{"line":32,"column":2},"end":{"line":32,"column":null}},"loc":{"start":{"line":34,"column":54},"end":{"line":38,"column":3}}},"1":{"name":"(anonymous_3)","decl":{"start":{"line":40,"column":2},"end":{"line":40,"column":7}},"loc":{"start":{"line":45,"column":3},"end":{"line":82,"column":3}}}},"branchMap":{"0":{"loc":{"start":{"line":59,"column":20},"end":{"line":59,"column":38}},"type":"binary-expr","locations":[{"start":{"line":59,"column":20},"end":{"line":59,"column":33}},{"start":{"line":59,"column":37},"end":{"line":59,"column":38}}]},"1":{"loc":{"start":{"line":60,"column":20},"end":{"line":60,"column":41}},"type":"binary-expr","locations":[{"start":{"line":60,"column":20},"end":{"line":60,"column":33}},{"start":{"line":60,"column":37},"end":{"line":60,"column":41}}]},"2":{"loc":{"start":{"line":68,"column":8},"end":{"line":68,"column":68}},"type":"cond-expr","locations":[{"start":{"line":68,"column":33},"end":{"line":68,"column":46}},{"start":{"line":68,"column":49},"end":{"line":68,"column":68}}]},"3":{"loc":{"start":{"line":69,"column":20},"end":{"line":69,"column":68}},"type":"cond-expr","locations":[{"start":{"line":69,"column":45},"end":{"line":69,"column":56}},{"start":{"line":69,"column":59},"end":{"line":69,"column":68}}]},"4":{"loc":{"start":{"line":71,"column":6},"end":{"line":75,"column":7}},"type":"if","locations":[{"start":{"line":71,"column":6},"end":{"line":75,"column":7}}]}},"s":{"0":3,"1":3,"2":3,"3":3,"4":3,"5":3,"6":3,"7":6,"8":6,"9":6,"10":6,"11":6,"12":7,"13":7,"14":7,"15":4,"16":3,"17":3,"18":3,"19":1,"20":3,"21":3,"22":3,"23":3},"f":{"0":6,"1":7},"b":{"0":[7,6],"1":[7,6],"2":[3,0],"3":[3,0],"4":[1]}}
,"/home/csantos/projetos/pessoal/enermatchDesafio/src/eia/eia.module.ts": {"path":"/home/csantos/projetos/pessoal/enermatchDesafio/src/eia/eia.module.ts","statementMap":{"0":{"start":{"line":1,"column":0},"end":{"line":1,"column":40}},"1":{"start":{"line":2,"column":0},"end":{"line":2,"column":43}},"2":{"start":{"line":3,"column":0},"end":{"line":3,"column":47}},"3":{"start":{"line":4,"column":0},"end":{"line":4,"column":50}},"4":{"start":{"line":20,"column":7},"end":{"line":20,"column":null}},"5":{"start":{"line":20,"column":13},"end":{"line":20,"column":22}},"6":{"start":{"line":20,"column":13},"end":{"line":20,"column":null}},"7":{"start":{"line":11,"column":58},"end":{"line":14,"column":8}}},"fnMap":{"0":{"name":"(anonymous_1)","decl":{"start":{"line":11,"column":18},"end":{"line":11,"column":19}},"loc":{"start":{"line":11,"column":58},"end":{"line":14,"column":8}}}},"branchMap":{},"s":{"0":0,"1":0,"2":0,"3":0,"4":0,"5":0,"6":0,"7":0},"f":{"0":0},"b":{}}
,"/home/csantos/projetos/pessoal/enermatchDesafio/src/energy/energy.entity.ts": {"path":"/home/csantos/projetos/pessoal/enermatchDesafio/src/energy/energy.entity.ts","statementMap":{"0":{"start":{"line":1,"column":0},"end":{"line":1,"column":null}},"1":{"start":{"line":13,"column":7},"end":{"line":45,"column":null}},"2":{"start":{"line":13,"column":13},"end":{"line":13,"column":25}},"3":{"start":{"line":15,"column":2},"end":{"line":15,"column":null}},"4":{"start":{"line":19,"column":2},"end":{"line":19,"column":null}},"5":{"start":{"line":23,"column":2},"end":{"line":23,"column":null}},"6":{"start":{"line":26,"column":2},"end":{"line":26,"column":null}},"7":{"start":{"line":29,"column":2},"end":{"line":29,"column":null}},"8":{"start":{"line":32,"column":2},"end":{"line":32,"column":null}},"9":{"start":{"line":35,"column":2},"end":{"line":35,"column":null}},"10":{"start":{"line":38,"column":2},"end":{"line":38,"column":null}},"11":{"start":{"line":41,"column":2},"end":{"line":41,"column":null}},"12":{"start":{"line":44,"column":2},"end":{"line":44,"column":null}},"13":{"start":{"line":13,"column":13},"end":{"line":45,"column":null}}},"fnMap":{},"branchMap":{},"s":{"0":5,"1":5,"2":5,"3":5,"4":5,"5":5,"6":5,"7":5,"8":5,"9":5,"10":5,"11":5,"12":5,"13":5},"f":{},"b":{}}
,"/home/csantos/projetos/pessoal/enermatchDesafio/src/energy/energy.module.ts": {"path":"/home/csantos/projetos/pessoal/enermatchDesafio/src/energy/energy.module.ts","statementMap":{"0":{"start":{"line":1,"column":0},"end":{"line":1,"column":40}},"1":{"start":{"line":2,"column":0},"end":{"line":2,"column":48}},"2":{"start":{"line":3,"column":0},"end":{"line":3,"column":47}},"3":{"start":{"line":4,"column":0},"end":{"line":4,"column":55}},"4":{"start":{"line":5,"column":0},"end":{"line":5,"column":49}},"5":{"start":{"line":6,"column":0},"end":{"line":6,"column":46}},"6":{"start":{"line":13,"column":7},"end":{"line":13,"column":null}},"7":{"start":{"line":13,"column":13},"end":{"line":13,"column":25}},"8":{"start":{"line":13,"column":13},"end":{"line":13,"column":null}}},"fnMap":{},"branchMap":{},"s":{"0":0,"1":0,"2":0,"3":0,"4":0,"5":0,"6":0,"7":0,"8":0},"f":{},"b":{}}
,"/home/csantos/projetos/pessoal/enermatchDesafio/src/energy/energy.repository.ts": {"path":"/home/csantos/projetos/pessoal/enermatchDesafio/src/energy/energy.repository.ts","statementMap":{"0":{"start":{"line":1,"column":0},"end":{"line":1,"column":44}},"1":{"start":{"line":2,"column":0},"end":{"line":2,"column":69}},"2":{"start":{"line":3,"column":0},"end":{"line":3,"column":47}},"3":{"start":{"line":36,"column":7},"end":{"line":132,"column":null}},"4":{"start":{"line":38,"column":4},"end":{"line":38,"column":58}},"5":{"start":{"line":37,"column":22},"end":{"line":37,"column":34}},"6":{"start":{"line":42,"column":4},"end":{"line":42,"column":37}},"7":{"start":{"line":42,"column":30},"end":{"line":42,"column":37}},"8":{"start":{"line":44,"column":4},"end":{"line":52,"column":17}},"9":{"start":{"line":59,"column":4},"end":{"line":61,"column":5}},"10":{"start":{"line":60,"column":6},"end":{"line":60,"column":74}},"11":{"start":{"line":62,"column":4},"end":{"line":64,"column":5}},"12":{"start":{"line":63,"column":6},"end":{"line":63,"column":68}},"13":{"start":{"line":65,"column":4},"end":{"line":69,"column":5}},"14":{"start":{"line":66,"column":6},"end":{"line":68,"column":9}},"15":{"start":{"line":75,"column":18},"end":{"line":77,"column":39}},"16":{"start":{"line":79,"column":4},"end":{"line":79,"column":38}},"17":{"start":{"line":81,"column":4},"end":{"line":81,"column":52}},"18":{"start":{"line":87,"column":18},"end":{"line":89,"column":39}},"19":{"start":{"line":91,"column":4},"end":{"line":91,"column":38}},"20":{"start":{"line":93,"column":4},"end":{"line":93,"column":52}},"21":{"start":{"line":99,"column":18},"end":{"line":103,"column":39}},"22":{"start":{"line":105,"column":4},"end":{"line":105,"column":38}},"23":{"start":{"line":107,"column":4},"end":{"line":112,"column":19}},"24":{"start":{"line":118,"column":18},"end":{"line":122,"column":39}},"25":{"start":{"line":124,"column":4},"end":{"line":124,"column":38}},"26":{"start":{"line":126,"column":4},"end":{"line":130,"column":20}},"27":{"start":{"line":36,"column":13},"end":{"line":36,"column":29}},"28":{"start":{"line":36,"column":13},"end":{"line":132,"column":null}}},"fnMap":{"0":{"name":"(anonymous_2)","decl":{"start":{"line":37,"column":2},"end":{"line":37,"column":22}},"loc":{"start":{"line":37,"column":44},"end":{"line":39,"column":3}}},"1":{"name":"(anonymous_3)","decl":{"start":{"line":41,"column":2},"end":{"line":41,"column":7}},"loc":{"start":{"line":41,"column":54},"end":{"line":53,"column":3}}},"2":{"name":"(anonymous_4)","decl":{"start":{"line":55,"column":10},"end":{"line":55,"column":22}},"loc":{"start":{"line":57,"column":26},"end":{"line":70,"column":3}}},"3":{"name":"(anonymous_5)","decl":{"start":{"line":72,"column":2},"end":{"line":72,"column":7}},"loc":{"start":{"line":73,"column":26},"end":{"line":82,"column":3}}},"4":{"name":"(anonymous_6)","decl":{"start":{"line":84,"column":2},"end":{"line":84,"column":7}},"loc":{"start":{"line":85,"column":26},"end":{"line":94,"column":3}}},"5":{"name":"(anonymous_7)","decl":{"start":{"line":96,"column":2},"end":{"line":96,"column":7}},"loc":{"start":{"line":97,"column":26},"end":{"line":113,"column":3}}},"6":{"name":"(anonymous_8)","decl":{"start":{"line":115,"column":2},"end":{"line":115,"column":7}},"loc":{"start":{"line":116,"column":26},"end":{"line":131,"column":3}}}},"branchMap":{"0":{"loc":{"start":{"line":42,"column":4},"end":{"line":42,"column":37}},"type":"if","locations":[{"start":{"line":42,"column":4},"end":{"line":42,"column":37}}]},"1":{"loc":{"start":{"line":59,"column":4},"end":{"line":61,"column":5}},"type":"if","locations":[{"start":{"line":59,"column":4},"end":{"line":61,"column":5}}]},"2":{"loc":{"start":{"line":62,"column":4},"end":{"line":64,"column":5}},"type":"if","locations":[{"start":{"line":62,"column":4},"end":{"line":64,"column":5}}]},"3":{"loc":{"start":{"line":65,"column":4},"end":{"line":69,"column":5}},"type":"if","locations":[{"start":{"line":65,"column":4},"end":{"line":69,"column":5}}]}},"s":{"0":5,"1":5,"2":5,"3":5,"4":12,"5":12,"6":2,"7":1,"8":1,"9":10,"10":2,"11":10,"12":2,"13":10,"14":2,"15":6,"16":6,"17":6,"18":1,"19":1,"20":1,"21":1,"22":1,"23":1,"24":2,"25":2,"26":2,"27":5,"28":5},"f":{"0":12,"1":2,"2":10,"3":6,"4":1,"5":1,"6":2},"b":{"0":[1],"1":[2],"2":[2],"3":[2]}}
,"/home/csantos/projetos/pessoal/enermatchDesafio/src/energy/energy.service.ts": {"path":"/home/csantos/projetos/pessoal/enermatchDesafio/src/energy/energy.service.ts","statementMap":{"0":{"start":{"line":1,"column":0},"end":{"line":1,"column":52}},"1":{"start":{"line":2,"column":0},"end":{"line":2,"column":55}},"2":{"start":{"line":3,"column":0},"end":{"line":3,"column":55}},"3":{"start":{"line":4,"column":0},"end":{"line":4,"column":67}},"4":{"start":{"line":7,"column":26},"end":{"line":47,"column":null}},"5":{"start":{"line":8,"column":28},"end":{"line":8,"column":58}},"6":{"start":{"line":11,"column":21},"end":{"line":11,"column":36}},"7":{"start":{"line":12,"column":21},"end":{"line":12,"column":39}},"8":{"start":{"line":16,"column":4},"end":{"line":18,"column":6}},"9":{"start":{"line":20,"column":4},"end":{"line":45,"column":5}},"10":{"start":{"line":21,"column":22},"end":{"line":21,"column":68}},"11":{"start":{"line":23,"column":6},"end":{"line":28,"column":7}},"12":{"start":{"line":24,"column":8},"end":{"line":26,"column":10}},"13":{"start":{"line":27,"column":8},"end":{"line":27,"column":63}},"14":{"start":{"line":30,"column":6},"end":{"line":30,"column":71}},"15":{"start":{"line":32,"column":6},"end":{"line":34,"column":8}},"16":{"start":{"line":36,"column":6},"end":{"line":39,"column":8}},"17":{"start":{"line":42,"column":8},"end":{"line":42,"column":68}},"18":{"start":{"line":43,"column":6},"end":{"line":43,"column":68}},"19":{"start":{"line":44,"column":6},"end":{"line":44,"column":72}},"20":{"start":{"line":7,"column":13},"end":{"line":7,"column":26}},"21":{"start":{"line":7,"column":13},"end":{"line":47,"column":null}}},"fnMap":{"0":{"name":"(anonymous_2)","decl":{"start":{"line":10,"column":2},"end":{"line":10,"column":null}},"loc":{"start":{"line":12,"column":55},"end":{"line":13,"column":6}}},"1":{"name":"(anonymous_3)","decl":{"start":{"line":15,"column":2},"end":{"line":15,"column":7}},"loc":{"start":{"line":15,"column":57},"end":{"line":46,"column":3}}}},"branchMap":{"0":{"loc":{"start":{"line":23,"column":6},"end":{"line":28,"column":7}},"type":"if","locations":[{"start":{"line":23,"column":6},"end":{"line":28,"column":7}}]},"1":{"loc":{"start":{"line":23,"column":10},"end":{"line":23,"column":70}},"type":"binary-expr","locations":[{"start":{"line":23,"column":10},"end":{"line":23,"column":32}},{"start":{"line":23,"column":36},"end":{"line":23,"column":70}}]},"2":{"loc":{"start":{"line":42,"column":8},"end":{"line":42,"column":68}},"type":"cond-expr","locations":[{"start":{"line":42,"column":33},"end":{"line":42,"column":46}},{"start":{"line":42,"column":49},"end":{"line":42,"column":68}}]}},"s":{"0":2,"1":2,"2":2,"3":2,"4":2,"5":8,"6":8,"7":8,"8":10,"9":10,"10":10,"11":6,"12":3,"13":3,"14":3,"15":2,"16":2,"17":5,"18":5,"19":5,"20":2,"21":2},"f":{"0":8,"1":10},"b":{"0":[3],"1":[6,5],"2":[3,2]}}
,"/home/csantos/projetos/pessoal/enermatchDesafio/src/energy/sync/sync.controller.ts": {"path":"/home/csantos/projetos/pessoal/enermatchDesafio/src/energy/sync/sync.controller.ts","statementMap":{"0":{"start":{"line":1,"column":0},"end":{"line":1,"column":67}},"1":{"start":{"line":2,"column":0},"end":{"line":2,"column":null}},"2":{"start":{"line":8,"column":0},"end":{"line":8,"column":50}},"3":{"start":{"line":9,"column":0},"end":{"line":9,"column":37}},"4":{"start":{"line":10,"column":0},"end":{"line":10,"column":70}},"5":{"start":{"line":16,"column":7},"end":{"line":32,"column":null}},"6":{"start":{"line":17,"column":31},"end":{"line":17,"column":46}},"7":{"start":{"line":30,"column":4},"end":{"line":30,"column":48}},"8":{"start":{"line":16,"column":13},"end":{"line":16,"column":27}},"9":{"start":{"line":29,"column":8},"end":{"line":31,"column":null}},"10":{"start":{"line":16,"column":13},"end":{"line":32,"column":null}}},"fnMap":{"0":{"name":"(anonymous_4)","decl":{"start":{"line":17,"column":2},"end":{"line":17,"column":31}},"loc":{"start":{"line":17,"column":59},"end":{"line":17,"column":63}}},"1":{"name":"(anonymous_5)","decl":{"start":{"line":29,"column":2},"end":{"line":29,"column":7}},"loc":{"start":{"line":29,"column":37},"end":{"line":31,"column":3}}}},"branchMap":{},"s":{"0":1,"1":1,"2":1,"3":1,"4":1,"5":1,"6":4,"7":4,"8":1,"9":1,"10":1},"f":{"0":4,"1":4},"b":{}}
,"/home/csantos/projetos/pessoal/enermatchDesafio/src/energy/sync/sync.dto.ts": {"path":"/home/csantos/projetos/pessoal/enermatchDesafio/src/energy/sync/sync.dto.ts","statementMap":{"0":{"start":{"line":1,"column":0},"end":{"line":1,"column":54}},"1":{"start":{"line":2,"column":0},"end":{"line":2,"column":55}},"2":{"start":{"line":4,"column":0},"end":{"line":4,"column":13}},"3":{"start":{"line":11,"column":2},"end":{"line":11,"column":null}},"4":{"start":{"line":19,"column":2},"end":{"line":19,"column":null}}},"fnMap":{},"branchMap":{},"s":{"0":1,"1":1,"2":1,"3":1,"4":1},"f":{},"b":{}}
,"/home/csantos/projetos/pessoal/enermatchDesafio/src/energy/sync/sync.module.ts": {"path":"/home/csantos/projetos/pessoal/enermatchDesafio/src/energy/sync/sync.module.ts","statementMap":{"0":{"start":{"line":1,"column":0},"end":{"line":1,"column":40}},"1":{"start":{"line":2,"column":0},"end":{"line":2,"column":50}},"2":{"start":{"line":3,"column":0},"end":{"line":3,"column":48}},"3":{"start":{"line":4,"column":0},"end":{"line":4,"column":51}},"4":{"start":{"line":5,"column":0},"end":{"line":5,"column":49}},"5":{"start":{"line":12,"column":7},"end":{"line":12,"column":null}},"6":{"start":{"line":12,"column":13},"end":{"line":12,"column":23}},"7":{"start":{"line":12,"column":13},"end":{"line":12,"column":null}}},"fnMap":{},"branchMap":{},"s":{"0":0,"1":0,"2":0,"3":0,"4":0,"5":0,"6":0,"7":0},"f":{},"b":{}}
,"/home/csantos/projetos/pessoal/enermatchDesafio/src/energy/sync/sync.scheduler.ts": {"path":"/home/csantos/projetos/pessoal/enermatchDesafio/src/energy/sync/sync.scheduler.ts","statementMap":{"0":{"start":{"line":1,"column":0},"end":{"line":1,"column":52}},"1":{"start":{"line":2,"column":0},"end":{"line":2,"column":56}},"2":{"start":{"line":3,"column":0},"end":{"line":3,"column":50}},"3":{"start":{"line":6,"column":26},"end":{"line":23,"column":null}},"4":{"start":{"line":7,"column":28},"end":{"line":7,"column":58}},"5":{"start":{"line":9,"column":31},"end":{"line":9,"column":46}},"6":{"start":{"line":13,"column":4},"end":{"line":13,"column":67}},"7":{"start":{"line":14,"column":4},"end":{"line":21,"column":5}},"8":{"start":{"line":15,"column":6},"end":{"line":15,"column":44}},"9":{"start":{"line":16,"column":6},"end":{"line":16,"column":65}},"10":{"start":{"line":19,"column":8},"end":{"line":19,"column":68}},"11":{"start":{"line":20,"column":6},"end":{"line":20,"column":66}},"12":{"start":{"line":6,"column":13},"end":{"line":6,"column":26}},"13":{"start":{"line":12,"column":8},"end":{"line":22,"column":null}},"14":{"start":{"line":6,"column":13},"end":{"line":23,"column":null}}},"fnMap":{"0":{"name":"(anonymous_2)","decl":{"start":{"line":9,"column":2},"end":{"line":9,"column":31}},"loc":{"start":{"line":9,"column":59},"end":{"line":9,"column":63}}},"1":{"name":"(anonymous_3)","decl":{"start":{"line":12,"column":2},"end":{"line":12,"column":7}},"loc":{"start":{"line":12,"column":18},"end":{"line":22,"column":3}}}},"branchMap":{"0":{"loc":{"start":{"line":19,"column":8},"end":{"line":19,"column":68}},"type":"cond-expr","locations":[{"start":{"line":19,"column":33},"end":{"line":19,"column":46}},{"start":{"line":19,"column":49},"end":{"line":19,"column":68}}]},"1":{"loc":{"start":{"line":11,"column":8},"end":{"line":11,"column":69}},"type":"binary-expr","locations":[{"start":{"line":11,"column":8},"end":{"line":11,"column":40}},{"start":{"line":11,"column":44},"end":{"line":11,"column":69}}]}},"s":{"0":0,"1":0,"2":0,"3":0,"4":0,"5":0,"6":0,"7":0,"8":0,"9":0,"10":0,"11":0,"12":0,"13":0,"14":0},"f":{"0":0,"1":0},"b":{"0":[0,0],"1":[0,0]}}
,"/home/csantos/projetos/pessoal/enermatchDesafio/src/reports/reports.controller.ts": {"path":"/home/csantos/projetos/pessoal/enermatchDesafio/src/reports/reports.controller.ts","statementMap":{"0":{"start":{"line":1,"column":0},"end":{"line":1,"column":67}},"1":{"start":{"line":2,"column":0},"end":{"line":2,"column":null}},"2":{"start":{"line":8,"column":0},"end":{"line":8,"column":51}},"3":{"start":{"line":9,"column":0},"end":{"line":9,"column":58}},"4":{"start":{"line":10,"column":0},"end":{"line":10,"column":67}},"5":{"start":{"line":16,"column":7},"end":{"line":46,"column":null}},"6":{"start":{"line":17,"column":31},"end":{"line":17,"column":47}},"7":{"start":{"line":23,"column":4},"end":{"line":23,"column":60}},"8":{"start":{"line":30,"column":4},"end":{"line":30,"column":62}},"9":{"start":{"line":37,"column":4},"end":{"line":37,"column":59}},"10":{"start":{"line":44,"column":4},"end":{"line":44,"column":63}},"11":{"start":{"line":16,"column":13},"end":{"line":16,"column":30}},"12":{"start":{"line":22,"column":8},"end":{"line":24,"column":null}},"13":{"start":{"line":29,"column":8},"end":{"line":31,"column":null}},"14":{"start":{"line":36,"column":8},"end":{"line":38,"column":null}},"15":{"start":{"line":43,"column":8},"end":{"line":45,"column":null}},"16":{"start":{"line":16,"column":13},"end":{"line":46,"column":null}}},"fnMap":{"0":{"name":"(anonymous_4)","decl":{"start":{"line":17,"column":2},"end":{"line":17,"column":31}},"loc":{"start":{"line":17,"column":61},"end":{"line":17,"column":65}}},"1":{"name":"(anonymous_5)","decl":{"start":{"line":22,"column":2},"end":{"line":22,"column":7}},"loc":{"start":{"line":22,"column":50},"end":{"line":24,"column":3}}},"2":{"name":"(anonymous_6)","decl":{"start":{"line":29,"column":2},"end":{"line":29,"column":7}},"loc":{"start":{"line":29,"column":52},"end":{"line":31,"column":3}}},"3":{"name":"(anonymous_7)","decl":{"start":{"line":36,"column":2},"end":{"line":36,"column":7}},"loc":{"start":{"line":36,"column":49},"end":{"line":38,"column":3}}},"4":{"name":"(anonymous_8)","decl":{"start":{"line":43,"column":2},"end":{"line":43,"column":7}},"loc":{"start":{"line":43,"column":53},"end":{"line":45,"column":3}}}},"branchMap":{},"s":{"0":1,"1":1,"2":1,"3":1,"4":1,"5":1,"6":8,"7":2,"8":2,"9":1,"10":3,"11":1,"12":1,"13":1,"14":1,"15":1,"16":1},"f":{"0":8,"1":2,"2":2,"3":1,"4":3},"b":{}}
,"/home/csantos/projetos/pessoal/enermatchDesafio/src/reports/reports.module.ts": {"path":"/home/csantos/projetos/pessoal/enermatchDesafio/src/reports/reports.module.ts","statementMap":{"0":{"start":{"line":1,"column":0},"end":{"line":1,"column":40}},"1":{"start":{"line":2,"column":0},"end":{"line":2,"column":51}},"2":{"start":{"line":3,"column":0},"end":{"line":3,"column":57}},"3":{"start":{"line":4,"column":0},"end":{"line":4,"column":55}},"4":{"start":{"line":11,"column":7},"end":{"line":11,"column":null}},"5":{"start":{"line":11,"column":13},"end":{"line":11,"column":26}},"6":{"start":{"line":11,"column":13},"end":{"line":11,"column":null}}},"fnMap":{},"branchMap":{},"s":{"0":0,"1":0,"2":0,"3":0,"4":0,"5":0,"6":0},"f":{},"b":{}}
,"/home/csantos/projetos/pessoal/enermatchDesafio/src/reports/reports.service.ts": {"path":"/home/csantos/projetos/pessoal/enermatchDesafio/src/reports/reports.service.ts","statementMap":{"0":{"start":{"line":1,"column":0},"end":{"line":1,"column":44}},"1":{"start":{"line":2,"column":0},"end":{"line":2,"column":63}},"2":{"start":{"line":6,"column":7},"end":{"line":24,"column":null}},"3":{"start":{"line":7,"column":31},"end":{"line":7,"column":49}},"4":{"start":{"line":10,"column":4},"end":{"line":10,"column":62}},"5":{"start":{"line":14,"column":4},"end":{"line":14,"column":64}},"6":{"start":{"line":18,"column":4},"end":{"line":18,"column":61}},"7":{"start":{"line":22,"column":4},"end":{"line":22,"column":65}},"8":{"start":{"line":6,"column":13},"end":{"line":6,"column":27}},"9":{"start":{"line":6,"column":13},"end":{"line":24,"column":null}}},"fnMap":{"0":{"name":"(anonymous_2)","decl":{"start":{"line":7,"column":2},"end":{"line":7,"column":31}},"loc":{"start":{"line":7,"column":65},"end":{"line":7,"column":69}}},"1":{"name":"(anonymous_3)","decl":{"start":{"line":9,"column":2},"end":{"line":9,"column":7}},"loc":{"start":{"line":9,"column":52},"end":{"line":11,"column":3}}},"2":{"name":"(anonymous_4)","decl":{"start":{"line":13,"column":2},"end":{"line":13,"column":7}},"loc":{"start":{"line":13,"column":54},"end":{"line":15,"column":3}}},"3":{"name":"(anonymous_5)","decl":{"start":{"line":17,"column":2},"end":{"line":17,"column":7}},"loc":{"start":{"line":17,"column":51},"end":{"line":19,"column":3}}},"4":{"name":"(anonymous_6)","decl":{"start":{"line":21,"column":2},"end":{"line":21,"column":7}},"loc":{"start":{"line":21,"column":55},"end":{"line":23,"column":3}}}},"branchMap":{},"s":{"0":2,"1":2,"2":2,"3":9,"4":3,"5":2,"6":1,"7":3,"8":2,"9":2},"f":{"0":9,"1":3,"2":2,"3":1,"4":3},"b":{}}
,"/home/csantos/projetos/pessoal/enermatchDesafio/src/reports/dto/report-filter.dto.ts": {"path":"/home/csantos/projetos/pessoal/enermatchDesafio/src/reports/dto/report-filter.dto.ts","statementMap":{"0":{"start":{"line":1,"column":0},"end":{"line":1,"column":54}},"1":{"start":{"line":2,"column":0},"end":{"line":2,"column":55}},"2":{"start":{"line":4,"column":0},"end":{"line":4,"column":13}},"3":{"start":{"line":11,"column":2},"end":{"line":11,"column":null}},"4":{"start":{"line":19,"column":2},"end":{"line":19,"column":null}},"5":{"start":{"line":27,"column":2},"end":{"line":27,"column":null}}},"fnMap":{},"branchMap":{},"s":{"0":1,"1":1,"2":1,"3":1,"4":1,"5":1},"f":{},"b":{}}
}
