TN:
SF:src/app.controller.ts
FN:6,(anonymous_2)
FN:9,(anonymous_3)
FNF:2
FNH:2
FNDA:1,(anonymous_2)
FNDA:1,(anonymous_3)
DA:1,1
DA:2,1
DA:5,1
DA:6,1
DA:9,1
DA:10,1
LF:6
LH:6
BRF:0
BRH:0
end_of_record
TN:
SF:src/app.module.ts
FN:30,(anonymous_1)
FNF:1
FNH:0
FNDA:0,(anonymous_1)
DA:1,0
DA:2,0
DA:3,0
DA:4,0
DA:5,0
DA:6,0
DA:7,0
DA:8,0
DA:9,0
DA:11,0
DA:12,0
DA:30,0
DA:49,0
LF:13
LH:0
BRDA:23,0,0,0
BRDA:23,0,1,0
BRDA:33,1,0,0
BRDA:33,1,1,0
BRDA:34,2,0,0
BRDA:34,2,1,0
BRF:6
BRH:0
end_of_record
TN:
SF:src/app.service.ts
FN:5,(anonymous_1)
FNF:1
FNH:1
FNDA:1,(anonymous_1)
DA:1,1
DA:4,1
DA:6,1
LF:3
LH:3
BRF:0
BRH:0
end_of_record
TN:
SF:src/main.ts
FN:8,bootstrap
FNF:1
FNH:0
FNDA:0,bootstrap
DA:1,0
DA:2,0
DA:3,0
DA:4,0
DA:5,0
DA:6,0
DA:9,0
DA:10,0
DA:11,0
DA:12,0
DA:20,0
DA:28,0
DA:29,0
DA:31,0
DA:33,0
LF:15
LH:0
BRDA:31,0,0,0
BRDA:31,0,1,0
BRF:2
BRH:0
end_of_record
TN:
SF:src/common/exceptions/app.exception.ts
FN:4,(anonymous_0)
FN:21,(anonymous_1)
FN:27,(anonymous_2)
FN:33,(anonymous_3)
FNF:4
FNH:3
FNDA:8,(anonymous_0)
FNDA:3,(anonymous_1)
FNDA:5,(anonymous_2)
FNDA:0,(anonymous_3)
DA:1,3
DA:3,3
DA:7,8
DA:9,8
DA:20,3
DA:22,3
DA:26,3
DA:28,5
DA:32,3
DA:34,0
LF:10
LH:9
BRDA:6,0,0,0
BRDA:12,1,0,8
BRDA:12,1,1,0
BRF:3
BRH:1
end_of_record
TN:
SF:src/common/exceptions/http-exception.filter.ts
FN:16,(anonymous_1)
FNF:1
FNH:0
FNDA:0,(anonymous_1)
DA:1,0
DA:10,0
DA:13,0
DA:14,0
DA:17,0
DA:18,0
DA:19,0
DA:21,0
DA:22,0
DA:23,0
DA:25,0
DA:26,0
DA:27,0
DA:28,0
DA:29,0
DA:30,0
DA:31,0
DA:32,0
DA:33,0
DA:34,0
DA:35,0
DA:36,0
DA:42,0
LF:23
LH:0
BRDA:25,0,0,0
BRDA:25,0,1,0
BRDA:30,1,0,0
BRDA:30,1,1,0
BRDA:33,2,0,0
BRDA:33,2,1,0
BRDA:35,3,0,0
BRF:7
BRH:0
end_of_record
TN:
SF:src/common/guards/static-jwt.guard.ts
FN:13,(anonymous_2)
FN:15,(anonymous_3)
FNF:2
FNH:1
FNDA:12,(anonymous_2)
FNDA:0,(anonymous_3)
DA:1,2
DA:7,2
DA:12,2
DA:13,12
DA:16,0
DA:17,0
DA:19,0
DA:20,0
DA:23,0
DA:25,0
DA:26,0
DA:29,0
DA:31,0
DA:32,0
DA:35,0
LF:15
LH:4
BRDA:19,0,0,0
BRDA:25,1,0,0
BRDA:31,2,0,0
BRF:3
BRH:0
end_of_record
TN:
SF:src/config/config.module.ts
FN:9,(anonymous_1)
FNF:1
FNH:0
FNDA:0,(anonymous_1)
DA:1,0
DA:2,0
DA:3,0
DA:10,0
DA:11,0
DA:12,0
DA:16,0
DA:18,0
DA:23,0
LF:9
LH:0
BRDA:11,0,0,0
BRF:1
BRH:0
end_of_record
TN:
SF:src/config/env.schema.ts
FNF:0
FNH:0
DA:1,0
DA:3,0
LF:2
LH:0
BRF:0
BRH:0
end_of_record
TN:
SF:src/database/database.module.ts
FN:10,(anonymous_1)
FNF:1
FNH:0
FNDA:0,(anonymous_1)
DA:1,0
DA:2,0
DA:3,0
DA:10,0
DA:24,0
LF:5
LH:0
BRF:0
BRH:0
end_of_record
TN:
SF:src/database/migrations/1743471000000-CreateEnergyRecordsTable.ts
FN:12,(anonymous_0)
FN:112,(anonymous_1)
FNF:2
FNH:0
FNDA:0,(anonymous_0)
FNDA:0,(anonymous_1)
DA:1,0
DA:9,0
DA:10,0
DA:13,0
DA:76,0
DA:85,0
DA:94,0
DA:103,0
DA:113,0
LF:9
LH:0
BRF:0
BRH:0
end_of_record
TN:
SF:src/eia/eia-http.client.ts
FN:32,(anonymous_2)
FN:40,(anonymous_3)
FNF:2
FNH:2
FNDA:6,(anonymous_2)
FNDA:7,(anonymous_3)
DA:1,3
DA:2,3
DA:3,3
DA:4,3
DA:5,3
DA:7,3
DA:27,3
DA:28,6
DA:33,6
DA:34,6
DA:36,6
DA:37,6
DA:46,7
DA:47,7
DA:48,7
DA:65,4
DA:68,3
DA:69,3
DA:71,3
DA:72,1
DA:77,3
DA:78,3
LF:22
LH:22
BRDA:59,0,0,7
BRDA:59,0,1,6
BRDA:60,1,0,7
BRDA:60,1,1,6
BRDA:68,2,0,3
BRDA:68,2,1,0
BRDA:69,3,0,3
BRDA:69,3,1,0
BRDA:71,4,0,1
BRF:9
BRH:7
end_of_record
TN:
SF:src/eia/eia.module.ts
FN:11,(anonymous_1)
FNF:1
FNH:0
FNDA:0,(anonymous_1)
DA:1,0
DA:2,0
DA:3,0
DA:4,0
DA:11,0
DA:20,0
LF:6
LH:0
BRF:0
BRH:0
end_of_record
TN:
SF:src/energy/energy.entity.ts
FNF:0
FNH:0
DA:1,5
DA:13,5
DA:15,5
DA:19,5
DA:23,5
DA:26,5
DA:29,5
DA:32,5
DA:35,5
DA:38,5
DA:41,5
DA:44,5
LF:12
LH:12
BRF:0
BRH:0
end_of_record
TN:
SF:src/energy/energy.module.ts
FNF:0
FNH:0
DA:1,0
DA:2,0
DA:3,0
DA:4,0
DA:5,0
DA:6,0
DA:13,0
LF:7
LH:0
BRF:0
BRH:0
end_of_record
TN:
SF:src/energy/energy.repository.ts
FN:37,(anonymous_2)
FN:41,(anonymous_3)
FN:55,(anonymous_4)
FN:72,(anonymous_5)
FN:84,(anonymous_6)
FN:96,(anonymous_7)
FN:115,(anonymous_8)
FNF:7
FNH:7
FNDA:12,(anonymous_2)
FNDA:2,(anonymous_3)
FNDA:10,(anonymous_4)
FNDA:6,(anonymous_5)
FNDA:1,(anonymous_6)
FNDA:1,(anonymous_7)
FNDA:2,(anonymous_8)
DA:1,5
DA:2,5
DA:3,5
DA:36,5
DA:37,12
DA:38,12
DA:42,2
DA:44,1
DA:59,10
DA:60,2
DA:62,10
DA:63,2
DA:65,10
DA:66,2
DA:75,6
DA:79,6
DA:81,6
DA:87,1
DA:91,1
DA:93,1
DA:99,1
DA:105,1
DA:107,1
DA:118,2
DA:124,2
DA:126,2
LF:26
LH:26
BRDA:42,0,0,1
BRDA:59,1,0,2
BRDA:62,2,0,2
BRDA:65,3,0,2
BRF:4
BRH:4
end_of_record
TN:
SF:src/energy/energy.service.ts
FN:10,(anonymous_2)
FN:15,(anonymous_3)
FNF:2
FNH:2
FNDA:8,(anonymous_2)
FNDA:10,(anonymous_3)
DA:1,2
DA:2,2
DA:3,2
DA:4,2
DA:7,2
DA:8,8
DA:11,8
DA:12,8
DA:16,10
DA:20,10
DA:21,10
DA:23,6
DA:24,3
DA:27,3
DA:30,3
DA:32,2
DA:36,2
DA:42,5
DA:43,5
DA:44,5
LF:20
LH:20
BRDA:23,0,0,3
BRDA:23,1,0,6
BRDA:23,1,1,5
BRDA:42,2,0,3
BRDA:42,2,1,2
BRF:5
BRH:5
end_of_record
TN:
SF:src/energy/sync/sync.controller.ts
FN:17,(anonymous_4)
FN:29,(anonymous_5)
FNF:2
FNH:2
FNDA:4,(anonymous_4)
FNDA:4,(anonymous_5)
DA:1,1
DA:2,1
DA:8,1
DA:9,1
DA:10,1
DA:16,1
DA:17,4
DA:29,1
DA:30,4
LF:9
LH:9
BRF:0
BRH:0
end_of_record
TN:
SF:src/energy/sync/sync.dto.ts
FNF:0
FNH:0
DA:1,1
DA:2,1
DA:4,1
DA:11,1
DA:19,1
LF:5
LH:5
BRF:0
BRH:0
end_of_record
TN:
SF:src/energy/sync/sync.module.ts
FNF:0
FNH:0
DA:1,0
DA:2,0
DA:3,0
DA:4,0
DA:5,0
DA:12,0
LF:6
LH:0
BRF:0
BRH:0
end_of_record
TN:
SF:src/energy/sync/sync.scheduler.ts
FN:9,(anonymous_2)
FN:12,(anonymous_3)
FNF:2
FNH:0
FNDA:0,(anonymous_2)
FNDA:0,(anonymous_3)
DA:1,0
DA:2,0
DA:3,0
DA:6,0
DA:7,0
DA:9,0
DA:12,0
DA:13,0
DA:14,0
DA:15,0
DA:16,0
DA:19,0
DA:20,0
LF:13
LH:0
BRDA:19,0,0,0
BRDA:19,0,1,0
BRDA:11,1,0,0
BRDA:11,1,1,0
BRF:4
BRH:0
end_of_record
TN:
SF:src/reports/reports.controller.ts
FN:17,(anonymous_4)
FN:22,(anonymous_5)
FN:29,(anonymous_6)
FN:36,(anonymous_7)
FN:43,(anonymous_8)
FNF:5
FNH:5
FNDA:8,(anonymous_4)
FNDA:2,(anonymous_5)
FNDA:2,(anonymous_6)
FNDA:1,(anonymous_7)
FNDA:3,(anonymous_8)
DA:1,1
DA:2,1
DA:8,1
DA:9,1
DA:10,1
DA:16,1
DA:17,8
DA:22,1
DA:23,2
DA:29,1
DA:30,2
DA:36,1
DA:37,1
DA:43,1
DA:44,3
LF:15
LH:15
BRF:0
BRH:0
end_of_record
TN:
SF:src/reports/reports.module.ts
FNF:0
FNH:0
DA:1,0
DA:2,0
DA:3,0
DA:4,0
DA:11,0
LF:5
LH:0
BRF:0
BRH:0
end_of_record
TN:
SF:src/reports/reports.service.ts
FN:7,(anonymous_2)
FN:9,(anonymous_3)
FN:13,(anonymous_4)
FN:17,(anonymous_5)
FN:21,(anonymous_6)
FNF:5
FNH:5
FNDA:9,(anonymous_2)
FNDA:3,(anonymous_3)
FNDA:2,(anonymous_4)
FNDA:1,(anonymous_5)
FNDA:3,(anonymous_6)
DA:1,2
DA:2,2
DA:6,2
DA:7,9
DA:10,3
DA:14,2
DA:18,1
DA:22,3
LF:8
LH:8
BRF:0
BRH:0
end_of_record
TN:
SF:src/reports/dto/report-filter.dto.ts
FNF:0
FNH:0
DA:1,1
DA:2,1
DA:4,1
DA:11,1
DA:19,1
DA:27,1
LF:6
LH:6
BRF:0
BRH:0
end_of_record
